<?xml version="1.0" encoding="UTF-8"?>
<!-- Generated by org.testng.reporters.JUnitXMLReporter -->
<testsuite ignored="0" hostname="DESKTOP-EHKK8G6" failures="0" tests="3" name="Default test" time="25.179" errors="0" timestamp="2024-03-06T02:03:14 EET">
  <testcase classname="swaglabs.lastTest_swag" name="addTwoTest" time="7.701"/>
  <testcase classname="swaglabs.lastTest_swag" name="addThreeTest" time="7.873"/>
  <testcase classname="swaglabs.lastTest_swag" name="addrandomItem" time="7.66"/>
</testsuite> <!-- Default test -->
